<?xml version="1.0" encoding="UTF-8"?>
<!-- Generated by org.testng.reporters.JUnitXMLReporter -->
<testsuite ignored="0" hostname="ATMECSINLT-601" failures="0" tests="1" name="EdgeTest" time="1.86" errors="0" timestamp="2020-12-14T16:11:19 IST">
  <testcase classname="com.atmecs.yatra.page.BasePage" name="@BeforeMethod beforeMethod" time="1.774">
    <failure type="org.openqa.selenium.WebDriverException" message="unknown error: cannot find MSEdge binary
Build info: version: &amp;apos;3.141.59&amp;apos;, revision: &amp;apos;e82be7d358&amp;apos;, time: &amp;apos;2018-11-14T08:17:03&amp;apos;
System info: host: &amp;apos;ATMECSINLT-601&amp;apos;, ip: &amp;apos;192.168.163.1&amp;apos;, os.name: &amp;apos;Windows 10&amp;apos;, os.arch: &amp;apos;amd64&amp;apos;, os.version: &amp;apos;10.0&amp;apos;, java.version: &amp;apos;14.0.1&amp;apos;
Driver info: driver.version: EdgeDriver
remote stacktrace: Backtrace:
	Ordinal0 [0x00007FF7B8A98992+166290]
	GetHandleVerifier [0x00007FF7B91ED1F8+2149192]
	GetHandleVerifier [0x00007FF7B920CE65+2279349]
	GetHandleVerifier [0x00007FF7B920A389+2268377]
	GetHandleVerifier [0x00007FF7B923BFF6+2472262]
	GetHandleVerifier [0x00007FF7B923832F+2456703]
	GetHandleVerifier [0x00007FF7B9215CEA+2315834]
	GetHandleVerifier [0x00007FF7B921692B+2318971]
	Ordinal0 [0x00007FF7B8AB7D51+294225]
	GetHandleVerifier [0x00007FF7B92A2A90+2892768]
	GetHandleVerifier [0x00007FF7B92A545E+2903470]
	GetHandleVerifier [0x00007FF7B92A3318+2894952]
	Ordinal0 [0x00007FF7B8C4DA20+1956384]
	Ordinal0 [0x00007FF7B8C4C2B8+1950392]
	Ordinal0 [0x00007FF7B8BB09F0+1313264]
	BaseThreadInitThunk [0x00007FFE35E47BD4+20]
	RtlUserThreadStart [0x00007FFE365CCED1+33]
">
      <![CDATA[org.openqa.selenium.WebDriverException: unknown error: cannot find MSEdge binary
Build info: version: '3.141.59', revision: 'e82be7d358', time: '2018-11-14T08:17:03'
System info: host: 'ATMECSINLT-601', ip: '192.168.163.1', os.name: 'Windows 10', os.arch: 'amd64', os.version: '10.0', java.version: '14.0.1'
Driver info: driver.version: EdgeDriver
remote stacktrace: Backtrace:
Ordinal0 [0x00007FF7B8A98992+166290]
GetHandleVerifier [0x00007FF7B91ED1F8+2149192]
GetHandleVerifier [0x00007FF7B920CE65+2279349]
GetHandleVerifier [0x00007FF7B920A389+2268377]
GetHandleVerifier [0x00007FF7B923BFF6+2472262]
GetHandleVerifier [0x00007FF7B923832F+2456703]
GetHandleVerifier [0x00007FF7B9215CEA+2315834]
GetHandleVerifier [0x00007FF7B921692B+2318971]
Ordinal0 [0x00007FF7B8AB7D51+294225]
GetHandleVerifier [0x00007FF7B92A2A90+2892768]
GetHandleVerifier [0x00007FF7B92A545E+2903470]
GetHandleVerifier [0x00007FF7B92A3318+2894952]
Ordinal0 [0x00007FF7B8C4DA20+1956384]
Ordinal0 [0x00007FF7B8C4C2B8+1950392]
Ordinal0 [0x00007FF7B8BB09F0+1313264]
BaseThreadInitThunk [0x00007FFE35E47BD4+20]
RtlUserThreadStart [0x00007FFE365CCED1+33]

at org.openqa.selenium.remote.W3CHandshakeResponse.lambda$errorHandler$0(W3CHandshakeResponse.java:62)
at org.openqa.selenium.remote.HandshakeResponse.lambda$getResponseFunction$0(HandshakeResponse.java:30)
at org.openqa.selenium.remote.ProtocolHandshake.lambda$createSession$0(ProtocolHandshake.java:126)
at java.base/java.util.stream.ReferencePipeline$3$1.accept(ReferencePipeline.java:195)
at java.base/java.util.Spliterators$ArraySpliterator.tryAdvance(Spliterators.java:958)
at java.base/java.util.stream.ReferencePipeline.forEachWithCancel(ReferencePipeline.java:127)
at java.base/java.util.stream.AbstractPipeline.copyIntoWithCancel(AbstractPipeline.java:502)
at java.base/java.util.stream.AbstractPipeline.copyInto(AbstractPipeline.java:488)
at java.base/java.util.stream.AbstractPipeline.wrapAndCopyInto(AbstractPipeline.java:474)
at java.base/java.util.stream.FindOps$FindOp.evaluateSequential(FindOps.java:150)
at java.base/java.util.stream.AbstractPipeline.evaluate(AbstractPipeline.java:234)
at java.base/java.util.stream.ReferencePipeline.findFirst(ReferencePipeline.java:543)
at org.openqa.selenium.remote.ProtocolHandshake.createSession(ProtocolHandshake.java:128)
at org.openqa.selenium.remote.ProtocolHandshake.createSession(ProtocolHandshake.java:74)
at org.openqa.selenium.remote.HttpCommandExecutor.execute(HttpCommandExecutor.java:136)
at org.openqa.selenium.remote.service.DriverCommandExecutor.execute(DriverCommandExecutor.java:83)
at org.openqa.selenium.remote.RemoteWebDriver.execute(RemoteWebDriver.java:552)
at org.openqa.selenium.remote.RemoteWebDriver.startSession(RemoteWebDriver.java:213)
at org.openqa.selenium.remote.RemoteWebDriver.<init>(RemoteWebDriver.java:131)
at org.openqa.selenium.edge.EdgeDriver.<init>(EdgeDriver.java:141)
at org.openqa.selenium.edge.EdgeDriver.<init>(EdgeDriver.java:96)
at com.atmecs.yatra.page.BasePage.beforeMethod(BasePage.java:60)
at java.base/java.util.ArrayList.forEach(ArrayList.java:1510)
at java.base/java.util.concurrent.FutureTask.run(FutureTask.java:264)
at java.base/java.util.concurrent.ThreadPoolExecutor.runWorker(ThreadPoolExecutor.java:1130)
at java.base/java.util.concurrent.ThreadPoolExecutor$Worker.run(ThreadPoolExecutor.java:630)
at java.base/java.lang.Thread.run(Thread.java:832)
... Removed 27 stack frames]]>
    </failure>
  </testcase> <!-- @BeforeMethod beforeMethod -->
  <testcase classname="com.atmecs.yatra.page.BasePage" name="@AfterMethod afterTest" time="-1.607942479927E9">
    <skipped/>
  </testcase> <!-- @AfterMethod afterTest -->
  <testcase classname="com.atmecs.yatra.testscript.YatraMonumentsTest" name="yatraMonuments" time="0.0">
    <skipped/>
  </testcase> <!-- yatraMonuments -->
</testsuite> <!-- EdgeTest -->
